InnoDB: using atomic writes.
2020-11-17 19:53:45 0 [Note] InnoDB: Mutexes and rw_locks use Windows interlocked functions
2020-11-17 19:53:45 0 [Note] InnoDB: Uses event mutexes
2020-11-17 19:53:45 0 [Note] InnoDB: Compressed tables use zlib 1.2.11
2020-11-17 19:53:45 0 [Note] InnoDB: Number of pools: 1
2020-11-17 19:53:45 0 [Note] InnoDB: Using SSE2 crc32 instructions
2020-11-17 19:53:45 0 [Note] InnoDB: Initializing buffer pool, total size = 16M, instances = 1, chunk size = 16M
2020-11-17 19:53:45 0 [Note] InnoDB: Completed initialization of buffer pool
2020-11-17 19:53:45 0 [Note] InnoDB: Starting crash recovery from checkpoint LSN=300288
2020-11-17 19:53:46 0 [Note] InnoDB: 128 out of 128 rollback segments are active.
2020-11-17 19:53:46 0 [Note] InnoDB: Removed temporary tablespace data file: "ibtmp1"
2020-11-17 19:53:46 0 [Note] InnoDB: Creating shared tablespace for temporary tables
2020-11-17 19:53:46 0 [Note] InnoDB: Setting file 'C:\Users\ajkol\Documents\School\CS 461\wave-lab-app\XAMPP\mysql\data\ibtmp1' size to 12 MB. Physically writing the file full; Please wait ...
2020-11-17 19:53:46 0 [Note] InnoDB: File 'C:\Users\ajkol\Documents\School\CS 461\wave-lab-app\XAMPP\mysql\data\ibtmp1' size is now 12 MB.
2020-11-17 19:53:46 0 [Note] InnoDB: Waiting for purge to start
2020-11-17 19:53:46 0 [Note] InnoDB: 10.4.16 started; log sequence number 300297; transaction id 170
2020-11-17 19:53:46 0 [Note] InnoDB: Loading buffer pool(s) from C:\Users\ajkol\Documents\School\CS 461\wave-lab-app\XAMPP\mysql\data\ib_buffer_pool
2020-11-17 19:53:46 0 [Note] Plugin 'FEEDBACK' is disabled.
2020-11-17 19:53:46 0 [Note] Server socket created on IP: '::'.
2020-11-17 19:53:46 0 [Note] InnoDB: Buffer pool(s) load completed at 201117 19:53:46
InnoDB: using atomic writes.
2020-11-18  1:15:18 0 [Note] InnoDB: Mutexes and rw_locks use Windows interlocked functions
2020-11-18  1:15:18 0 [Note] InnoDB: Uses event mutexes
2020-11-18  1:15:18 0 [Note] InnoDB: Compressed tables use zlib 1.2.11
2020-11-18  1:15:18 0 [Note] InnoDB: Number of pools: 1
2020-11-18  1:15:18 0 [Note] InnoDB: Using SSE2 crc32 instructions
2020-11-18  1:15:18 0 [Note] InnoDB: Initializing buffer pool, total size = 16M, instances = 1, chunk size = 16M
2020-11-18  1:15:18 0 [Note] InnoDB: Completed initialization of buffer pool
2020-11-18  1:15:18 0 [Note] InnoDB: Starting crash recovery from checkpoint LSN=369212
2020-11-18  1:15:18 0 [Note] InnoDB: 128 out of 128 rollback segments are active.
2020-11-18  1:15:18 0 [Note] InnoDB: Removed temporary tablespace data file: "ibtmp1"
2020-11-18  1:15:18 0 [Note] InnoDB: Creating shared tablespace for temporary tables
2020-11-18  1:15:18 0 [Note] InnoDB: Setting file 'C:\Users\ajkol\Documents\School\CS 461\wave-lab-app\XAMPP\mysql\data\ibtmp1' size to 12 MB. Physically writing the file full; Please wait ...
2020-11-18  1:15:18 0 [Note] InnoDB: File 'C:\Users\ajkol\Documents\School\CS 461\wave-lab-app\XAMPP\mysql\data\ibtmp1' size is now 12 MB.
2020-11-18  1:15:18 0 [Note] InnoDB: Waiting for purge to start
2020-11-18  1:15:18 0 [Note] InnoDB: 10.4.16 started; log sequence number 369221; transaction id 376
2020-11-18  1:15:18 0 [Note] InnoDB: Loading buffer pool(s) from C:\Users\ajkol\Documents\School\CS 461\wave-lab-app\XAMPP\mysql\data\ib_buffer_pool
2020-11-18  1:15:18 0 [Note] Plugin 'FEEDBACK' is disabled.
2020-11-18  1:15:18 0 [Note] Server socket created on IP: '::'.
